getCondDataFrame starts
Data request URL: https://dcha-spx.spring8.or.jp/api1.0.2/zoo_samplepin/
ZOOID: 12
Dataframe:      id                exid  o_index  p_index  isSkip  isDone                        created_at                        updated_at  zoo_id
0   186  ECHA_API_TEST_9999        0        0       0       0  2025-02-11T15:23:24.568843+09:00  2025-02-11T15:23:24.568857+09:00      12
1   187  ECHA_API_TEST_9999        1        1       0       0  2025-02-11T15:23:24.624195+09:00  2025-02-11T15:23:24.624209+09:00      12
2   188  ECHA_API_TEST_9999        2        2       0       0  2025-02-11T15:23:24.678480+09:00  2025-02-11T15:23:24.678494+09:00      12
3   189  ECHA_API_TEST_9999        3        3       0       0  2025-02-11T15:23:24.731591+09:00  2025-02-11T15:23:24.731605+09:00      12
4   190  ECHA_API_TEST_9999        4        4       0       0  2025-02-11T15:23:24.784462+09:00  2025-02-11T15:23:24.784476+09:00      12
5   191  ECHA_API_TEST_9999        5        5       0       0  2025-02-11T15:23:24.838306+09:00  2025-02-11T15:23:24.838320+09:00      12
6   192  ECHA_API_TEST_9999        6        6       0       0  2025-02-11T15:23:24.892213+09:00  2025-02-11T15:23:24.892227+09:00      12
7   193  ECHA_API_TEST_9999        7        7       0       0  2025-02-11T15:23:24.946490+09:00  2025-02-11T15:23:24.946503+09:00      12
8   194  ECHA_API_TEST_9999        8        8       0       0  2025-02-11T15:23:25.002712+09:00  2025-02-11T15:23:25.002726+09:00      12
9   195  ECHA_API_TEST_9999        9        9       0       0  2025-02-11T15:23:25.057038+09:00  2025-02-11T15:23:25.057051+09:00      12
10  196  ECHA_API_TEST_9999       10       10       0       0  2025-02-11T15:23:25.110884+09:00  2025-02-11T15:23:25.110897+09:00      12
11  197  ECHA_API_TEST_9999       11       11       0       0  2025-02-11T15:23:25.165337+09:00  2025-02-11T15:23:25.165351+09:00      12
12  198  ECHA_API_TEST_9999       12       12       0       0  2025-02-11T15:23:25.219382+09:00  2025-02-11T15:23:25.219396+09:00      12
13  199  ECHA_API_TEST_9999       13       13       0       0  2025-02-11T15:23:25.273903+09:00  2025-02-11T15:23:25.273917+09:00      12
14  200  ECHA_API_TEST_9999       14       14       0       0  2025-02-11T15:23:25.328473+09:00  2025-02-11T15:23:25.328487+09:00      12
15  201  ECHA_API_TEST_9999       15       15       0       0  2025-02-11T15:23:25.381572+09:00  2025-02-11T15:23:25.381586+09:00      12
16  202  ECHA_API_TEST_9999       16       16       0       0  2025-02-11T15:23:25.434716+09:00  2025-02-11T15:23:25.434729+09:00      12
17  203  ECHA_API_TEST_9999       17       17       0       0  2025-02-11T15:23:25.488365+09:00  2025-02-11T15:23:25.488378+09:00      12
18  204  ECHA_API_TEST_9999       18       18       0       0  2025-02-11T15:23:25.542810+09:00  2025-02-11T15:23:25.542824+09:00      12
19  205  ECHA_API_TEST_9999       19       19       0       0  2025-02-11T15:23:25.596177+09:00  2025-02-11T15:23:25.596190+09:00      12
20  206  ECHA_API_TEST_9999       20       20       0       0  2025-02-11T15:23:25.649459+09:00  2025-02-11T15:23:25.649472+09:00      12
zoo sample pin id: 186
zoo sample pin id: 187
zoo sample pin id: 188
zoo sample pin id: 189
zoo sample pin id: 190
zoo sample pin id: 191
zoo sample pin id: 192
zoo sample pin id: 193
zoo sample pin id: 194
zoo sample pin id: 195
zoo sample pin id: 196
zoo sample pin id: 197
zoo sample pin id: 198
zoo sample pin id: 199
zoo sample pin id: 200
zoo sample pin id: 201
zoo sample pin id: 202
zoo sample pin id: 203
zoo sample pin id: 204
zoo sample pin id: 205
zoo sample pin id: 206
getCondDataFrame starts
Data request URL: https://dcha-spx.spring8.or.jp/api1.0.2/zoo_samplepin/
ZOOID: 12
Dataframe:      id                exid  o_index  p_index  isSkip  isDone                        created_at                        updated_at  zoo_id
0   186  ECHA_API_TEST_9999        0        0       0       0  2025-02-11T15:23:24.568843+09:00  2025-02-11T15:23:24.568857+09:00      12
1   187  ECHA_API_TEST_9999        1        1       0       0  2025-02-11T15:23:24.624195+09:00  2025-02-11T15:23:24.624209+09:00      12
2   188  ECHA_API_TEST_9999        2        2       0       0  2025-02-11T15:23:24.678480+09:00  2025-02-11T15:23:24.678494+09:00      12
3   189  ECHA_API_TEST_9999        3        3       0       0  2025-02-11T15:23:24.731591+09:00  2025-02-11T15:23:24.731605+09:00      12
4   190  ECHA_API_TEST_9999        4        4       0       0  2025-02-11T15:23:24.784462+09:00  2025-02-11T15:23:24.784476+09:00      12
5   191  ECHA_API_TEST_9999        5        5       0       0  2025-02-11T15:23:24.838306+09:00  2025-02-11T15:23:24.838320+09:00      12
6   192  ECHA_API_TEST_9999        6        6       0       0  2025-02-11T15:23:24.892213+09:00  2025-02-11T15:23:24.892227+09:00      12
7   193  ECHA_API_TEST_9999        7        7       0       0  2025-02-11T15:23:24.946490+09:00  2025-02-11T15:23:24.946503+09:00      12
8   194  ECHA_API_TEST_9999        8        8       0       0  2025-02-11T15:23:25.002712+09:00  2025-02-11T15:23:25.002726+09:00      12
9   195  ECHA_API_TEST_9999        9        9       0       0  2025-02-11T15:23:25.057038+09:00  2025-02-11T15:23:25.057051+09:00      12
10  196  ECHA_API_TEST_9999       10       10       0       0  2025-02-11T15:23:25.110884+09:00  2025-02-11T15:23:25.110897+09:00      12
11  197  ECHA_API_TEST_9999       11       11       0       0  2025-02-11T15:23:25.165337+09:00  2025-02-11T15:23:25.165351+09:00      12
12  198  ECHA_API_TEST_9999       12       12       0       0  2025-02-11T15:23:25.219382+09:00  2025-02-11T15:23:25.219396+09:00      12
13  199  ECHA_API_TEST_9999       13       13       0       0  2025-02-11T15:23:25.273903+09:00  2025-02-11T15:23:25.273917+09:00      12
14  200  ECHA_API_TEST_9999       14       14       0       0  2025-02-11T15:23:25.328473+09:00  2025-02-11T15:23:25.328487+09:00      12
15  201  ECHA_API_TEST_9999       15       15       0       0  2025-02-11T15:23:25.381572+09:00  2025-02-11T15:23:25.381586+09:00      12
16  202  ECHA_API_TEST_9999       16       16       0       0  2025-02-11T15:23:25.434716+09:00  2025-02-11T15:23:25.434729+09:00      12
17  203  ECHA_API_TEST_9999       17       17       0       0  2025-02-11T15:23:25.488365+09:00  2025-02-11T15:23:25.488378+09:00      12
18  204  ECHA_API_TEST_9999       18       18       0       0  2025-02-11T15:23:25.542810+09:00  2025-02-11T15:23:25.542824+09:00      12
19  205  ECHA_API_TEST_9999       19       19       0       0  2025-02-11T15:23:25.596177+09:00  2025-02-11T15:23:25.596190+09:00      12
20  206  ECHA_API_TEST_9999       20       20       0       0  2025-02-11T15:23:25.649459+09:00  2025-02-11T15:23:25.649472+09:00      12
zoo sample pin id: 186
zoo sample pin id: 187
zoo sample pin id: 188
zoo sample pin id: 189
zoo sample pin id: 190
zoo sample pin id: 191
zoo sample pin id: 192
zoo sample pin id: 193
zoo sample pin id: 194
zoo sample pin id: 195
zoo sample pin id: 196
zoo sample pin id: 197
zoo sample pin id: 198
zoo sample pin id: 199
zoo sample pin id: 200
zoo sample pin id: 201
zoo sample pin id: 202
zoo sample pin id: 203
zoo sample pin id: 204
zoo sample pin id: 205
zoo sample pin id: 206
getCondDataFrame starts
Data request URL: https://dcha-spx.spring8.or.jp/api1.0.2/zoo_samplepin/
ZOOID: 12
Dataframe:      id                exid  o_index  p_index  isSkip  isDone                        created_at                        updated_at  zoo_id
0   186  ECHA_API_TEST_9999        0        0       0       0  2025-02-11T15:23:24.568843+09:00  2025-02-11T15:23:24.568857+09:00      12
1   187  ECHA_API_TEST_9999        1        1       0       0  2025-02-11T15:23:24.624195+09:00  2025-02-11T15:23:24.624209+09:00      12
2   188  ECHA_API_TEST_9999        2        2       0       0  2025-02-11T15:23:24.678480+09:00  2025-02-11T15:23:24.678494+09:00      12
3   189  ECHA_API_TEST_9999        3        3       0       0  2025-02-11T15:23:24.731591+09:00  2025-02-11T15:23:24.731605+09:00      12
4   190  ECHA_API_TEST_9999        4        4       0       0  2025-02-11T15:23:24.784462+09:00  2025-02-11T15:23:24.784476+09:00      12
5   191  ECHA_API_TEST_9999        5        5       0       0  2025-02-11T15:23:24.838306+09:00  2025-02-11T15:23:24.838320+09:00      12
6   192  ECHA_API_TEST_9999        6        6       0       0  2025-02-11T15:23:24.892213+09:00  2025-02-11T15:23:24.892227+09:00      12
7   193  ECHA_API_TEST_9999        7        7       0       0  2025-02-11T15:23:24.946490+09:00  2025-02-11T15:23:24.946503+09:00      12
8   194  ECHA_API_TEST_9999        8        8       0       0  2025-02-11T15:23:25.002712+09:00  2025-02-11T15:23:25.002726+09:00      12
9   195  ECHA_API_TEST_9999        9        9       0       0  2025-02-11T15:23:25.057038+09:00  2025-02-11T15:23:25.057051+09:00      12
10  196  ECHA_API_TEST_9999       10       10       0       0  2025-02-11T15:23:25.110884+09:00  2025-02-11T15:23:25.110897+09:00      12
11  197  ECHA_API_TEST_9999       11       11       0       0  2025-02-11T15:23:25.165337+09:00  2025-02-11T15:23:25.165351+09:00      12
12  198  ECHA_API_TEST_9999       12       12       0       0  2025-02-11T15:23:25.219382+09:00  2025-02-11T15:23:25.219396+09:00      12
13  199  ECHA_API_TEST_9999       13       13       0       0  2025-02-11T15:23:25.273903+09:00  2025-02-11T15:23:25.273917+09:00      12
14  200  ECHA_API_TEST_9999       14       14       0       0  2025-02-11T15:23:25.328473+09:00  2025-02-11T15:23:25.328487+09:00      12
15  201  ECHA_API_TEST_9999       15       15       0       0  2025-02-11T15:23:25.381572+09:00  2025-02-11T15:23:25.381586+09:00      12
16  202  ECHA_API_TEST_9999       16       16       0       0  2025-02-11T15:23:25.434716+09:00  2025-02-11T15:23:25.434729+09:00      12
17  203  ECHA_API_TEST_9999       17       17       0       0  2025-02-11T15:23:25.488365+09:00  2025-02-11T15:23:25.488378+09:00      12
18  204  ECHA_API_TEST_9999       18       18       0       0  2025-02-11T15:23:25.542810+09:00  2025-02-11T15:23:25.542824+09:00      12
19  205  ECHA_API_TEST_9999       19       19       0       0  2025-02-11T15:23:25.596177+09:00  2025-02-11T15:23:25.596190+09:00      12
20  206  ECHA_API_TEST_9999       20       20       0       0  2025-02-11T15:23:25.649459+09:00  2025-02-11T15:23:25.649472+09:00      12
zoo sample pin id: 186
zoo sample pin id: 187
zoo sample pin id: 188
zoo sample pin id: 189
zoo sample pin id: 190
zoo sample pin id: 191
zoo sample pin id: 192
zoo sample pin id: 193
zoo sample pin id: 194
zoo sample pin id: 195
zoo sample pin id: 196
zoo sample pin id: 197
zoo sample pin id: 198
zoo sample pin id: 199
zoo sample pin id: 200
zoo sample pin id: 201
zoo sample pin id: 202
zoo sample pin id: 203
zoo sample pin id: 204
zoo sample pin id: 205
zoo sample pin id: 206
getCondDataFrame starts
Data request URL: https://dcha-spx.spring8.or.jp/api1.0.2/zoo_samplepin/
ZOOID: 12
Dataframe:      id                exid  o_index  p_index  isSkip  isDone                        created_at                        updated_at  zoo_id
0   186  ECHA_API_TEST_9999        0        0       0       0  2025-02-11T15:23:24.568843+09:00  2025-02-11T15:23:24.568857+09:00      12
1   187  ECHA_API_TEST_9999        1        1       0       0  2025-02-11T15:23:24.624195+09:00  2025-02-11T15:23:24.624209+09:00      12
2   188  ECHA_API_TEST_9999        2        2       0       0  2025-02-11T15:23:24.678480+09:00  2025-02-11T15:23:24.678494+09:00      12
3   189  ECHA_API_TEST_9999        3        3       0       0  2025-02-11T15:23:24.731591+09:00  2025-02-11T15:23:24.731605+09:00      12
4   190  ECHA_API_TEST_9999        4        4       0       0  2025-02-11T15:23:24.784462+09:00  2025-02-11T15:23:24.784476+09:00      12
5   191  ECHA_API_TEST_9999        5        5       0       0  2025-02-11T15:23:24.838306+09:00  2025-02-11T15:23:24.838320+09:00      12
6   192  ECHA_API_TEST_9999        6        6       0       0  2025-02-11T15:23:24.892213+09:00  2025-02-11T15:23:24.892227+09:00      12
7   193  ECHA_API_TEST_9999        7        7       0       0  2025-02-11T15:23:24.946490+09:00  2025-02-11T15:23:24.946503+09:00      12
8   194  ECHA_API_TEST_9999        8        8       0       0  2025-02-11T15:23:25.002712+09:00  2025-02-11T15:23:25.002726+09:00      12
9   195  ECHA_API_TEST_9999        9        9       0       0  2025-02-11T15:23:25.057038+09:00  2025-02-11T15:23:25.057051+09:00      12
10  196  ECHA_API_TEST_9999       10       10       0       0  2025-02-11T15:23:25.110884+09:00  2025-02-11T15:23:25.110897+09:00      12
11  197  ECHA_API_TEST_9999       11       11       0       0  2025-02-11T15:23:25.165337+09:00  2025-02-11T15:23:25.165351+09:00      12
12  198  ECHA_API_TEST_9999       12       12       0       0  2025-02-11T15:23:25.219382+09:00  2025-02-11T15:23:25.219396+09:00      12
13  199  ECHA_API_TEST_9999       13       13       0       0  2025-02-11T15:23:25.273903+09:00  2025-02-11T15:23:25.273917+09:00      12
14  200  ECHA_API_TEST_9999       14       14       0       0  2025-02-11T15:23:25.328473+09:00  2025-02-11T15:23:25.328487+09:00      12
15  201  ECHA_API_TEST_9999       15       15       0       0  2025-02-11T15:23:25.381572+09:00  2025-02-11T15:23:25.381586+09:00      12
16  202  ECHA_API_TEST_9999       16       16       0       0  2025-02-11T15:23:25.434716+09:00  2025-02-11T15:23:25.434729+09:00      12
17  203  ECHA_API_TEST_9999       17       17       0       0  2025-02-11T15:23:25.488365+09:00  2025-02-11T15:23:25.488378+09:00      12
18  204  ECHA_API_TEST_9999       18       18       0       0  2025-02-11T15:23:25.542810+09:00  2025-02-11T15:23:25.542824+09:00      12
19  205  ECHA_API_TEST_9999       19       19       0       0  2025-02-11T15:23:25.596177+09:00  2025-02-11T15:23:25.596190+09:00      12
20  206  ECHA_API_TEST_9999       20       20       0       0  2025-02-11T15:23:25.649459+09:00  2025-02-11T15:23:25.649472+09:00      12
zoo sample pin id: 186
zoo sample pin id: 187
zoo sample pin id: 188
zoo sample pin id: 189
zoo sample pin id: 190
zoo sample pin id: 191
zoo sample pin id: 192
zoo sample pin id: 193
zoo sample pin id: 194
zoo sample pin id: 195
zoo sample pin id: 196
zoo sample pin id: 197
zoo sample pin id: 198
zoo sample pin id: 199
zoo sample pin id: 200
zoo sample pin id: 201
zoo sample pin id: 202
zoo sample pin id: 203
zoo sample pin id: 204
zoo sample pin id: 205
zoo sample pin id: 206
getCondDataFrame starts
Data request URL: https://dcha-spx.spring8.or.jp/api1.0.2/zoo_samplepin/
ZOOID: 12
Dataframe:      id                exid  o_index  p_index  isSkip  isDone                        created_at                        updated_at  zoo_id
0   186  ECHA_API_TEST_9999        0        0       0       0  2025-02-11T15:23:24.568843+09:00  2025-02-11T15:23:24.568857+09:00      12
1   187  ECHA_API_TEST_9999        1        1       0       0  2025-02-11T15:23:24.624195+09:00  2025-02-11T15:23:24.624209+09:00      12
2   188  ECHA_API_TEST_9999        2        2       0       0  2025-02-11T15:23:24.678480+09:00  2025-02-11T15:23:24.678494+09:00      12
3   189  ECHA_API_TEST_9999        3        3       0       0  2025-02-11T15:23:24.731591+09:00  2025-02-11T15:23:24.731605+09:00      12
4   190  ECHA_API_TEST_9999        4        4       0       0  2025-02-11T15:23:24.784462+09:00  2025-02-11T15:23:24.784476+09:00      12
5   191  ECHA_API_TEST_9999        5        5       0       0  2025-02-11T15:23:24.838306+09:00  2025-02-11T15:23:24.838320+09:00      12
6   192  ECHA_API_TEST_9999        6        6       0       0  2025-02-11T15:23:24.892213+09:00  2025-02-11T15:23:24.892227+09:00      12
7   193  ECHA_API_TEST_9999        7        7       0       0  2025-02-11T15:23:24.946490+09:00  2025-02-11T15:23:24.946503+09:00      12
8   194  ECHA_API_TEST_9999        8        8       0       0  2025-02-11T15:23:25.002712+09:00  2025-02-11T15:23:25.002726+09:00      12
9   195  ECHA_API_TEST_9999        9        9       0       0  2025-02-11T15:23:25.057038+09:00  2025-02-11T15:23:25.057051+09:00      12
10  196  ECHA_API_TEST_9999       10       10       0       0  2025-02-11T15:23:25.110884+09:00  2025-02-11T15:23:25.110897+09:00      12
11  197  ECHA_API_TEST_9999       11       11       0       0  2025-02-11T15:23:25.165337+09:00  2025-02-11T15:23:25.165351+09:00      12
12  198  ECHA_API_TEST_9999       12       12       0       0  2025-02-11T15:23:25.219382+09:00  2025-02-11T15:23:25.219396+09:00      12
13  199  ECHA_API_TEST_9999       13       13       0       0  2025-02-11T15:23:25.273903+09:00  2025-02-11T15:23:25.273917+09:00      12
14  200  ECHA_API_TEST_9999       14       14       0       0  2025-02-11T15:23:25.328473+09:00  2025-02-11T15:23:25.328487+09:00      12
15  201  ECHA_API_TEST_9999       15       15       0       0  2025-02-11T15:23:25.381572+09:00  2025-02-11T15:23:25.381586+09:00      12
16  202  ECHA_API_TEST_9999       16       16       0       0  2025-02-11T15:23:25.434716+09:00  2025-02-11T15:23:25.434729+09:00      12
17  203  ECHA_API_TEST_9999       17       17       0       0  2025-02-11T15:23:25.488365+09:00  2025-02-11T15:23:25.488378+09:00      12
18  204  ECHA_API_TEST_9999       18       18       0       0  2025-02-11T15:23:25.542810+09:00  2025-02-11T15:23:25.542824+09:00      12
19  205  ECHA_API_TEST_9999       19       19       0       0  2025-02-11T15:23:25.596177+09:00  2025-02-11T15:23:25.596190+09:00      12
20  206  ECHA_API_TEST_9999       20       20       0       0  2025-02-11T15:23:25.649459+09:00  2025-02-11T15:23:25.649472+09:00      12
zoo sample pin id: 186
zoo sample pin id: 187
zoo sample pin id: 188
zoo sample pin id: 189
zoo sample pin id: 190
zoo sample pin id: 191
zoo sample pin id: 192
zoo sample pin id: 193
zoo sample pin id: 194
zoo sample pin id: 195
zoo sample pin id: 196
zoo sample pin id: 197
zoo sample pin id: 198
zoo sample pin id: 199
zoo sample pin id: 200
zoo sample pin id: 201
zoo sample pin id: 202
zoo sample pin id: 203
zoo sample pin id: 204
zoo sample pin id: 205
zoo sample pin id: 206
getCondDataFrame starts
Data request URL: https://dcha-spx.spring8.or.jp/api1.0.2/zoo_samplepin/
ZOOID: 12
Dataframe:      id                exid  o_index  p_index  isSkip  isDone                        created_at                        updated_at  zoo_id
0   186  ECHA_API_TEST_9999        0        0       0       0  2025-02-11T15:23:24.568843+09:00  2025-02-11T15:23:24.568857+09:00      12
1   187  ECHA_API_TEST_9999        1        1       0       0  2025-02-11T15:23:24.624195+09:00  2025-02-11T15:23:24.624209+09:00      12
2   188  ECHA_API_TEST_9999        2        2       0       0  2025-02-11T15:23:24.678480+09:00  2025-02-11T15:23:24.678494+09:00      12
3   189  ECHA_API_TEST_9999        3        3       0       0  2025-02-11T15:23:24.731591+09:00  2025-02-11T15:23:24.731605+09:00      12
4   190  ECHA_API_TEST_9999        4        4       0       0  2025-02-11T15:23:24.784462+09:00  2025-02-11T15:23:24.784476+09:00      12
5   191  ECHA_API_TEST_9999        5        5       0       0  2025-02-11T15:23:24.838306+09:00  2025-02-11T15:23:24.838320+09:00      12
6   192  ECHA_API_TEST_9999        6        6       0       0  2025-02-11T15:23:24.892213+09:00  2025-02-11T15:23:24.892227+09:00      12
7   193  ECHA_API_TEST_9999        7        7       0       0  2025-02-11T15:23:24.946490+09:00  2025-02-11T15:23:24.946503+09:00      12
8   194  ECHA_API_TEST_9999        8        8       0       0  2025-02-11T15:23:25.002712+09:00  2025-02-11T15:23:25.002726+09:00      12
9   195  ECHA_API_TEST_9999        9        9       0       0  2025-02-11T15:23:25.057038+09:00  2025-02-11T15:23:25.057051+09:00      12
10  196  ECHA_API_TEST_9999       10       10       0       0  2025-02-11T15:23:25.110884+09:00  2025-02-11T15:23:25.110897+09:00      12
11  197  ECHA_API_TEST_9999       11       11       0       0  2025-02-11T15:23:25.165337+09:00  2025-02-11T15:23:25.165351+09:00      12
12  198  ECHA_API_TEST_9999       12       12       0       0  2025-02-11T15:23:25.219382+09:00  2025-02-11T15:23:25.219396+09:00      12
13  199  ECHA_API_TEST_9999       13       13       0       0  2025-02-11T15:23:25.273903+09:00  2025-02-11T15:23:25.273917+09:00      12
14  200  ECHA_API_TEST_9999       14       14       0       0  2025-02-11T15:23:25.328473+09:00  2025-02-11T15:23:25.328487+09:00      12
15  201  ECHA_API_TEST_9999       15       15       0       0  2025-02-11T15:23:25.381572+09:00  2025-02-11T15:23:25.381586+09:00      12
16  202  ECHA_API_TEST_9999       16       16       0       0  2025-02-11T15:23:25.434716+09:00  2025-02-11T15:23:25.434729+09:00      12
17  203  ECHA_API_TEST_9999       17       17       0       0  2025-02-11T15:23:25.488365+09:00  2025-02-11T15:23:25.488378+09:00      12
18  204  ECHA_API_TEST_9999       18       18       0       0  2025-02-11T15:23:25.542810+09:00  2025-02-11T15:23:25.542824+09:00      12
19  205  ECHA_API_TEST_9999       19       19       0       0  2025-02-11T15:23:25.596177+09:00  2025-02-11T15:23:25.596190+09:00      12
20  206  ECHA_API_TEST_9999       20       20       0       0  2025-02-11T15:23:25.649459+09:00  2025-02-11T15:23:25.649472+09:00      12
zoo sample pin id: 186
zoo sample pin id: 187
zoo sample pin id: 188
zoo sample pin id: 189
zoo sample pin id: 190
zoo sample pin id: 191
zoo sample pin id: 192
zoo sample pin id: 193
zoo sample pin id: 194
zoo sample pin id: 195
zoo sample pin id: 196
zoo sample pin id: 197
zoo sample pin id: 198
zoo sample pin id: 199
zoo sample pin id: 200
zoo sample pin id: 201
zoo sample pin id: 202
zoo sample pin id: 203
zoo sample pin id: 204
zoo sample pin id: 205
zoo sample pin id: 206
getCondDataFrame starts
Data request URL: https://dcha-spx.spring8.or.jp/api1.0.2/zoo_samplepin/
ZOOID: 12
Dataframe:      id                exid  o_index  p_index  isSkip  isDone                        created_at                        updated_at  zoo_id
0   186  ECHA_API_TEST_9999        0        0       0       0  2025-02-11T15:23:24.568843+09:00  2025-02-11T15:23:24.568857+09:00      12
1   187  ECHA_API_TEST_9999        1        1       0       0  2025-02-11T15:23:24.624195+09:00  2025-02-11T15:23:24.624209+09:00      12
2   188  ECHA_API_TEST_9999        2        2       0       0  2025-02-11T15:23:24.678480+09:00  2025-02-11T15:23:24.678494+09:00      12
3   189  ECHA_API_TEST_9999        3        3       0       0  2025-02-11T15:23:24.731591+09:00  2025-02-11T15:23:24.731605+09:00      12
4   190  ECHA_API_TEST_9999        4        4       0       0  2025-02-11T15:23:24.784462+09:00  2025-02-11T15:23:24.784476+09:00      12
5   191  ECHA_API_TEST_9999        5        5       0       0  2025-02-11T15:23:24.838306+09:00  2025-02-11T15:23:24.838320+09:00      12
6   192  ECHA_API_TEST_9999        6        6       0       0  2025-02-11T15:23:24.892213+09:00  2025-02-11T15:23:24.892227+09:00      12
7   193  ECHA_API_TEST_9999        7        7       0       0  2025-02-11T15:23:24.946490+09:00  2025-02-11T15:23:24.946503+09:00      12
8   194  ECHA_API_TEST_9999        8        8       0       0  2025-02-11T15:23:25.002712+09:00  2025-02-11T15:23:25.002726+09:00      12
9   195  ECHA_API_TEST_9999        9        9       0       0  2025-02-11T15:23:25.057038+09:00  2025-02-11T15:23:25.057051+09:00      12
10  196  ECHA_API_TEST_9999       10       10       0       0  2025-02-11T15:23:25.110884+09:00  2025-02-11T15:23:25.110897+09:00      12
11  197  ECHA_API_TEST_9999       11       11       0       0  2025-02-11T15:23:25.165337+09:00  2025-02-11T15:23:25.165351+09:00      12
12  198  ECHA_API_TEST_9999       12       12       0       0  2025-02-11T15:23:25.219382+09:00  2025-02-11T15:23:25.219396+09:00      12
13  199  ECHA_API_TEST_9999       13       13       0       0  2025-02-11T15:23:25.273903+09:00  2025-02-11T15:23:25.273917+09:00      12
14  200  ECHA_API_TEST_9999       14       14       0       0  2025-02-11T15:23:25.328473+09:00  2025-02-11T15:23:25.328487+09:00      12
15  201  ECHA_API_TEST_9999       15       15       0       0  2025-02-11T15:23:25.381572+09:00  2025-02-11T15:23:25.381586+09:00      12
16  202  ECHA_API_TEST_9999       16       16       0       0  2025-02-11T15:23:25.434716+09:00  2025-02-11T15:23:25.434729+09:00      12
17  203  ECHA_API_TEST_9999       17       17       0       0  2025-02-11T15:23:25.488365+09:00  2025-02-11T15:23:25.488378+09:00      12
18  204  ECHA_API_TEST_9999       18       18       0       0  2025-02-11T15:23:25.542810+09:00  2025-02-11T15:23:25.542824+09:00      12
19  205  ECHA_API_TEST_9999       19       19       0       0  2025-02-11T15:23:25.596177+09:00  2025-02-11T15:23:25.596190+09:00      12
20  206  ECHA_API_TEST_9999       20       20       0       0  2025-02-11T15:23:25.649459+09:00  2025-02-11T15:23:25.649472+09:00      12
zoo sample pin id: 186
zoo sample pin id: 187
zoo sample pin id: 188
zoo sample pin id: 189
zoo sample pin id: 190
zoo sample pin id: 191
zoo sample pin id: 192
zoo sample pin id: 193
zoo sample pin id: 194
zoo sample pin id: 195
zoo sample pin id: 196
zoo sample pin id: 197
zoo sample pin id: 198
zoo sample pin id: 199
zoo sample pin id: 200
zoo sample pin id: 201
zoo sample pin id: 202
zoo sample pin id: 203
zoo sample pin id: 204
zoo sample pin id: 205
zoo sample pin id: 206
getCondDataFrame starts
Data request URL: https://dcha-spx.spring8.or.jp/api1.0.2/zoo_samplepin/
ZOOID: 12
Dataframe:      id                exid  o_index  p_index  isSkip  isDone                        created_at                        updated_at  zoo_id
0   186  ECHA_API_TEST_9999        0        0       0       0  2025-02-11T15:23:24.568843+09:00  2025-02-11T15:23:24.568857+09:00      12
1   187  ECHA_API_TEST_9999        1        1       0       0  2025-02-11T15:23:24.624195+09:00  2025-02-11T15:23:24.624209+09:00      12
2   188  ECHA_API_TEST_9999        2        2       0       0  2025-02-11T15:23:24.678480+09:00  2025-02-11T15:23:24.678494+09:00      12
3   189  ECHA_API_TEST_9999        3        3       0       0  2025-02-11T15:23:24.731591+09:00  2025-02-11T15:23:24.731605+09:00      12
4   190  ECHA_API_TEST_9999        4        4       0       0  2025-02-11T15:23:24.784462+09:00  2025-02-11T15:23:24.784476+09:00      12
5   191  ECHA_API_TEST_9999        5        5       0       0  2025-02-11T15:23:24.838306+09:00  2025-02-11T15:23:24.838320+09:00      12
6   192  ECHA_API_TEST_9999        6        6       0       0  2025-02-11T15:23:24.892213+09:00  2025-02-11T15:23:24.892227+09:00      12
7   193  ECHA_API_TEST_9999        7        7       0       0  2025-02-11T15:23:24.946490+09:00  2025-02-11T15:23:24.946503+09:00      12
8   194  ECHA_API_TEST_9999        8        8       0       0  2025-02-11T15:23:25.002712+09:00  2025-02-11T15:23:25.002726+09:00      12
9   195  ECHA_API_TEST_9999        9        9       0       0  2025-02-11T15:23:25.057038+09:00  2025-02-11T15:23:25.057051+09:00      12
10  196  ECHA_API_TEST_9999       10       10       0       0  2025-02-11T15:23:25.110884+09:00  2025-02-11T15:23:25.110897+09:00      12
11  197  ECHA_API_TEST_9999       11       11       0       0  2025-02-11T15:23:25.165337+09:00  2025-02-11T15:23:25.165351+09:00      12
12  198  ECHA_API_TEST_9999       12       12       0       0  2025-02-11T15:23:25.219382+09:00  2025-02-11T15:23:25.219396+09:00      12
13  199  ECHA_API_TEST_9999       13       13       0       0  2025-02-11T15:23:25.273903+09:00  2025-02-11T15:23:25.273917+09:00      12
14  200  ECHA_API_TEST_9999       14       14       0       0  2025-02-11T15:23:25.328473+09:00  2025-02-11T15:23:25.328487+09:00      12
15  201  ECHA_API_TEST_9999       15       15       0       0  2025-02-11T15:23:25.381572+09:00  2025-02-11T15:23:25.381586+09:00      12
16  202  ECHA_API_TEST_9999       16       16       0       0  2025-02-11T15:23:25.434716+09:00  2025-02-11T15:23:25.434729+09:00      12
17  203  ECHA_API_TEST_9999       17       17       0       0  2025-02-11T15:23:25.488365+09:00  2025-02-11T15:23:25.488378+09:00      12
18  204  ECHA_API_TEST_9999       18       18       0       0  2025-02-11T15:23:25.542810+09:00  2025-02-11T15:23:25.542824+09:00      12
19  205  ECHA_API_TEST_9999       19       19       0       0  2025-02-11T15:23:25.596177+09:00  2025-02-11T15:23:25.596190+09:00      12
20  206  ECHA_API_TEST_9999       20       20       0       0  2025-02-11T15:23:25.649459+09:00  2025-02-11T15:23:25.649472+09:00      12
zoo sample pin id: 186
zoo sample pin id: 187
zoo sample pin id: 188
zoo sample pin id: 189
zoo sample pin id: 190
zoo sample pin id: 191
zoo sample pin id: 192
zoo sample pin id: 193
zoo sample pin id: 194
zoo sample pin id: 195
zoo sample pin id: 196
zoo sample pin id: 197
zoo sample pin id: 198
zoo sample pin id: 199
zoo sample pin id: 200
zoo sample pin id: 201
zoo sample pin id: 202
zoo sample pin id: 203
zoo sample pin id: 204
zoo sample pin id: 205
zoo sample pin id: 206
getCondDataFrame starts
Data request URL: https://dcha-spx.spring8.or.jp/api1.0.2/zoo_samplepin/
ZOOID: 12
Dataframe:      id                exid  o_index  p_index  isSkip  isDone                        created_at                        updated_at  zoo_id
0   186  ECHA_API_TEST_9999        0        0       0       0  2025-02-11T15:23:24.568843+09:00  2025-02-11T15:23:24.568857+09:00      12
1   187  ECHA_API_TEST_9999        1        1       0       0  2025-02-11T15:23:24.624195+09:00  2025-02-11T15:23:24.624209+09:00      12
2   188  ECHA_API_TEST_9999        2        2       0       0  2025-02-11T15:23:24.678480+09:00  2025-02-11T15:23:24.678494+09:00      12
3   189  ECHA_API_TEST_9999        3        3       0       0  2025-02-11T15:23:24.731591+09:00  2025-02-11T15:23:24.731605+09:00      12
4   190  ECHA_API_TEST_9999        4        4       0       0  2025-02-11T15:23:24.784462+09:00  2025-02-11T15:23:24.784476+09:00      12
5   191  ECHA_API_TEST_9999        5        5       0       0  2025-02-11T15:23:24.838306+09:00  2025-02-11T15:23:24.838320+09:00      12
6   192  ECHA_API_TEST_9999        6        6       0       0  2025-02-11T15:23:24.892213+09:00  2025-02-11T15:23:24.892227+09:00      12
7   193  ECHA_API_TEST_9999        7        7       0       0  2025-02-11T15:23:24.946490+09:00  2025-02-11T15:23:24.946503+09:00      12
8   194  ECHA_API_TEST_9999        8        8       0       0  2025-02-11T15:23:25.002712+09:00  2025-02-11T15:23:25.002726+09:00      12
9   195  ECHA_API_TEST_9999        9        9       0       0  2025-02-11T15:23:25.057038+09:00  2025-02-11T15:23:25.057051+09:00      12
10  196  ECHA_API_TEST_9999       10       10       0       0  2025-02-11T15:23:25.110884+09:00  2025-02-11T15:23:25.110897+09:00      12
11  197  ECHA_API_TEST_9999       11       11       0       0  2025-02-11T15:23:25.165337+09:00  2025-02-11T15:23:25.165351+09:00      12
12  198  ECHA_API_TEST_9999       12       12       0       0  2025-02-11T15:23:25.219382+09:00  2025-02-11T15:23:25.219396+09:00      12
13  199  ECHA_API_TEST_9999       13       13       0       0  2025-02-11T15:23:25.273903+09:00  2025-02-11T15:23:25.273917+09:00      12
14  200  ECHA_API_TEST_9999       14       14       0       0  2025-02-11T15:23:25.328473+09:00  2025-02-11T15:23:25.328487+09:00      12
15  201  ECHA_API_TEST_9999       15       15       0       0  2025-02-11T15:23:25.381572+09:00  2025-02-11T15:23:25.381586+09:00      12
16  202  ECHA_API_TEST_9999       16       16       0       0  2025-02-11T15:23:25.434716+09:00  2025-02-11T15:23:25.434729+09:00      12
17  203  ECHA_API_TEST_9999       17       17       0       0  2025-02-11T15:23:25.488365+09:00  2025-02-11T15:23:25.488378+09:00      12
18  204  ECHA_API_TEST_9999       18       18       0       0  2025-02-11T15:23:25.542810+09:00  2025-02-11T15:23:25.542824+09:00      12
19  205  ECHA_API_TEST_9999       19       19       0       0  2025-02-11T15:23:25.596177+09:00  2025-02-11T15:23:25.596190+09:00      12
20  206  ECHA_API_TEST_9999       20       20       0       0  2025-02-11T15:23:25.649459+09:00  2025-02-11T15:23:25.649472+09:00      12
zoo sample pin id: 186
zoo sample pin id: 187
zoo sample pin id: 188
zoo sample pin id: 189
zoo sample pin id: 190
zoo sample pin id: 191
zoo sample pin id: 192
zoo sample pin id: 193
zoo sample pin id: 194
zoo sample pin id: 195
zoo sample pin id: 196
zoo sample pin id: 197
zoo sample pin id: 198
zoo sample pin id: 199
zoo sample pin id: 200
zoo sample pin id: 201
zoo sample pin id: 202
zoo sample pin id: 203
zoo sample pin id: 204
zoo sample pin id: 205
zoo sample pin id: 206
getCondDataFrame starts
Data request URL: https://dcha-spx.spring8.or.jp/api1.0.2/zoo_samplepin/
ZOOID: 12
Dataframe:      id                exid  o_index  p_index  isSkip  isDone                        created_at                        updated_at  zoo_id
0   186  ECHA_API_TEST_9999        0        0       0       0  2025-02-11T15:23:24.568843+09:00  2025-02-11T15:23:24.568857+09:00      12
1   187  ECHA_API_TEST_9999        1        1       0       0  2025-02-11T15:23:24.624195+09:00  2025-02-11T15:23:24.624209+09:00      12
2   188  ECHA_API_TEST_9999        2        2       0       0  2025-02-11T15:23:24.678480+09:00  2025-02-11T15:23:24.678494+09:00      12
3   189  ECHA_API_TEST_9999        3        3       0       0  2025-02-11T15:23:24.731591+09:00  2025-02-11T15:23:24.731605+09:00      12
4   190  ECHA_API_TEST_9999        4        4       0       0  2025-02-11T15:23:24.784462+09:00  2025-02-11T15:23:24.784476+09:00      12
5   191  ECHA_API_TEST_9999        5        5       0       0  2025-02-11T15:23:24.838306+09:00  2025-02-11T15:23:24.838320+09:00      12
6   192  ECHA_API_TEST_9999        6        6       0       0  2025-02-11T15:23:24.892213+09:00  2025-02-11T15:23:24.892227+09:00      12
7   193  ECHA_API_TEST_9999        7        7       0       0  2025-02-11T15:23:24.946490+09:00  2025-02-11T15:23:24.946503+09:00      12
8   194  ECHA_API_TEST_9999        8        8       0       0  2025-02-11T15:23:25.002712+09:00  2025-02-11T15:23:25.002726+09:00      12
9   195  ECHA_API_TEST_9999        9        9       0       0  2025-02-11T15:23:25.057038+09:00  2025-02-11T15:23:25.057051+09:00      12
10  196  ECHA_API_TEST_9999       10       10       0       0  2025-02-11T15:23:25.110884+09:00  2025-02-11T15:23:25.110897+09:00      12
11  197  ECHA_API_TEST_9999       11       11       0       0  2025-02-11T15:23:25.165337+09:00  2025-02-11T15:23:25.165351+09:00      12
12  198  ECHA_API_TEST_9999       12       12       0       0  2025-02-11T15:23:25.219382+09:00  2025-02-11T15:23:25.219396+09:00      12
13  199  ECHA_API_TEST_9999       13       13       0       0  2025-02-11T15:23:25.273903+09:00  2025-02-11T15:23:25.273917+09:00      12
14  200  ECHA_API_TEST_9999       14       14       0       0  2025-02-11T15:23:25.328473+09:00  2025-02-11T15:23:25.328487+09:00      12
15  201  ECHA_API_TEST_9999       15       15       0       0  2025-02-11T15:23:25.381572+09:00  2025-02-11T15:23:25.381586+09:00      12
16  202  ECHA_API_TEST_9999       16       16       0       0  2025-02-11T15:23:25.434716+09:00  2025-02-11T15:23:25.434729+09:00      12
17  203  ECHA_API_TEST_9999       17       17       0       0  2025-02-11T15:23:25.488365+09:00  2025-02-11T15:23:25.488378+09:00      12
18  204  ECHA_API_TEST_9999       18       18       0       0  2025-02-11T15:23:25.542810+09:00  2025-02-11T15:23:25.542824+09:00      12
19  205  ECHA_API_TEST_9999       19       19       0       0  2025-02-11T15:23:25.596177+09:00  2025-02-11T15:23:25.596190+09:00      12
20  206  ECHA_API_TEST_9999       20       20       0       0  2025-02-11T15:23:25.649459+09:00  2025-02-11T15:23:25.649472+09:00      12
zoo sample pin id: 186
zoo sample pin id: 187
zoo sample pin id: 188
zoo sample pin id: 189
zoo sample pin id: 190
zoo sample pin id: 191
zoo sample pin id: 192
zoo sample pin id: 193
zoo sample pin id: 194
zoo sample pin id: 195
zoo sample pin id: 196
zoo sample pin id: 197
zoo sample pin id: 198
zoo sample pin id: 199
zoo sample pin id: 200
zoo sample pin id: 201
zoo sample pin id: 202
zoo sample pin id: 203
zoo sample pin id: 204
zoo sample pin id: 205
zoo sample pin id: 206
getCondDataFrame starts
Data request URL: https://dcha-spx.spring8.or.jp/api1.0.2/zoo_samplepin/
ZOOID: 12
Dataframe:      id                exid  o_index  p_index  isSkip  isDone                        created_at                        updated_at  zoo_id
0   186  ECHA_API_TEST_9999        0        0       0       0  2025-02-11T15:23:24.568843+09:00  2025-02-11T15:23:24.568857+09:00      12
1   187  ECHA_API_TEST_9999        1        1       0       0  2025-02-11T15:23:24.624195+09:00  2025-02-11T15:23:24.624209+09:00      12
2   188  ECHA_API_TEST_9999        2        2       0       0  2025-02-11T15:23:24.678480+09:00  2025-02-11T15:23:24.678494+09:00      12
3   189  ECHA_API_TEST_9999        3        3       0       0  2025-02-11T15:23:24.731591+09:00  2025-02-11T15:23:24.731605+09:00      12
4   190  ECHA_API_TEST_9999        4        4       0       0  2025-02-11T15:23:24.784462+09:00  2025-02-11T15:23:24.784476+09:00      12
5   191  ECHA_API_TEST_9999        5        5       0       0  2025-02-11T15:23:24.838306+09:00  2025-02-11T15:23:24.838320+09:00      12
6   192  ECHA_API_TEST_9999        6        6       0       0  2025-02-11T15:23:24.892213+09:00  2025-02-11T15:23:24.892227+09:00      12
7   193  ECHA_API_TEST_9999        7        7       0       0  2025-02-11T15:23:24.946490+09:00  2025-02-11T15:23:24.946503+09:00      12
8   194  ECHA_API_TEST_9999        8        8       0       0  2025-02-11T15:23:25.002712+09:00  2025-02-11T15:23:25.002726+09:00      12
9   195  ECHA_API_TEST_9999        9        9       0       0  2025-02-11T15:23:25.057038+09:00  2025-02-11T15:23:25.057051+09:00      12
10  196  ECHA_API_TEST_9999       10       10       0       0  2025-02-11T15:23:25.110884+09:00  2025-02-11T15:23:25.110897+09:00      12
11  197  ECHA_API_TEST_9999       11       11       0       0  2025-02-11T15:23:25.165337+09:00  2025-02-11T15:23:25.165351+09:00      12
12  198  ECHA_API_TEST_9999       12       12       0       0  2025-02-11T15:23:25.219382+09:00  2025-02-11T15:23:25.219396+09:00      12
13  199  ECHA_API_TEST_9999       13       13       0       0  2025-02-11T15:23:25.273903+09:00  2025-02-11T15:23:25.273917+09:00      12
14  200  ECHA_API_TEST_9999       14       14       0       0  2025-02-11T15:23:25.328473+09:00  2025-02-11T15:23:25.328487+09:00      12
15  201  ECHA_API_TEST_9999       15       15       0       0  2025-02-11T15:23:25.381572+09:00  2025-02-11T15:23:25.381586+09:00      12
16  202  ECHA_API_TEST_9999       16       16       0       0  2025-02-11T15:23:25.434716+09:00  2025-02-11T15:23:25.434729+09:00      12
17  203  ECHA_API_TEST_9999       17       17       0       0  2025-02-11T15:23:25.488365+09:00  2025-02-11T15:23:25.488378+09:00      12
18  204  ECHA_API_TEST_9999       18       18       0       0  2025-02-11T15:23:25.542810+09:00  2025-02-11T15:23:25.542824+09:00      12
19  205  ECHA_API_TEST_9999       19       19       0       0  2025-02-11T15:23:25.596177+09:00  2025-02-11T15:23:25.596190+09:00      12
20  206  ECHA_API_TEST_9999       20       20       0       0  2025-02-11T15:23:25.649459+09:00  2025-02-11T15:23:25.649472+09:00      12
zoo sample pin id: 186
zoo sample pin id: 187
zoo sample pin id: 188
zoo sample pin id: 189
zoo sample pin id: 190
zoo sample pin id: 191
zoo sample pin id: 192
zoo sample pin id: 193
zoo sample pin id: 194
zoo sample pin id: 195
zoo sample pin id: 196
zoo sample pin id: 197
zoo sample pin id: 198
zoo sample pin id: 199
zoo sample pin id: 200
zoo sample pin id: 201
zoo sample pin id: 202
zoo sample pin id: 203
zoo sample pin id: 204
zoo sample pin id: 205
zoo sample pin id: 206
getCondDataFrame starts
Data request URL: https://dcha-spx.spring8.or.jp/api1.0.2/zoo_samplepin/
ZOOID: 12
Dataframe:      id                exid  o_index  p_index  isSkip  isDone                        created_at                        updated_at  zoo_id
0   186  ECHA_API_TEST_9999        0        0       0       0  2025-02-11T15:23:24.568843+09:00  2025-02-11T15:23:24.568857+09:00      12
1   187  ECHA_API_TEST_9999        1        1       0       0  2025-02-11T15:23:24.624195+09:00  2025-02-11T15:23:24.624209+09:00      12
2   188  ECHA_API_TEST_9999        2        2       0       0  2025-02-11T15:23:24.678480+09:00  2025-02-11T15:23:24.678494+09:00      12
3   189  ECHA_API_TEST_9999        3        3       0       0  2025-02-11T15:23:24.731591+09:00  2025-02-11T15:23:24.731605+09:00      12
4   190  ECHA_API_TEST_9999        4        4       0       0  2025-02-11T15:23:24.784462+09:00  2025-02-11T15:23:24.784476+09:00      12
5   191  ECHA_API_TEST_9999        5        5       0       0  2025-02-11T15:23:24.838306+09:00  2025-02-11T15:23:24.838320+09:00      12
6   192  ECHA_API_TEST_9999        6        6       0       0  2025-02-11T15:23:24.892213+09:00  2025-02-11T15:23:24.892227+09:00      12
7   193  ECHA_API_TEST_9999        7        7       0       0  2025-02-11T15:23:24.946490+09:00  2025-02-11T15:23:24.946503+09:00      12
8   194  ECHA_API_TEST_9999        8        8       0       0  2025-02-11T15:23:25.002712+09:00  2025-02-11T15:23:25.002726+09:00      12
9   195  ECHA_API_TEST_9999        9        9       0       0  2025-02-11T15:23:25.057038+09:00  2025-02-11T15:23:25.057051+09:00      12
10  196  ECHA_API_TEST_9999       10       10       0       0  2025-02-11T15:23:25.110884+09:00  2025-02-11T15:23:25.110897+09:00      12
11  197  ECHA_API_TEST_9999       11       11       0       0  2025-02-11T15:23:25.165337+09:00  2025-02-11T15:23:25.165351+09:00      12
12  198  ECHA_API_TEST_9999       12       12       0       0  2025-02-11T15:23:25.219382+09:00  2025-02-11T15:23:25.219396+09:00      12
13  199  ECHA_API_TEST_9999       13       13       0       0  2025-02-11T15:23:25.273903+09:00  2025-02-11T15:23:25.273917+09:00      12
14  200  ECHA_API_TEST_9999       14       14       0       0  2025-02-11T15:23:25.328473+09:00  2025-02-11T15:23:25.328487+09:00      12
15  201  ECHA_API_TEST_9999       15       15       0       0  2025-02-11T15:23:25.381572+09:00  2025-02-11T15:23:25.381586+09:00      12
16  202  ECHA_API_TEST_9999       16       16       0       0  2025-02-11T15:23:25.434716+09:00  2025-02-11T15:23:25.434729+09:00      12
17  203  ECHA_API_TEST_9999       17       17       0       0  2025-02-11T15:23:25.488365+09:00  2025-02-11T15:23:25.488378+09:00      12
18  204  ECHA_API_TEST_9999       18       18       0       0  2025-02-11T15:23:25.542810+09:00  2025-02-11T15:23:25.542824+09:00      12
19  205  ECHA_API_TEST_9999       19       19       0       0  2025-02-11T15:23:25.596177+09:00  2025-02-11T15:23:25.596190+09:00      12
20  206  ECHA_API_TEST_9999       20       20       0       0  2025-02-11T15:23:25.649459+09:00  2025-02-11T15:23:25.649472+09:00      12
zoo sample pin id: 186
zoo sample pin id: 187
zoo sample pin id: 188
zoo sample pin id: 189
zoo sample pin id: 190
zoo sample pin id: 191
zoo sample pin id: 192
zoo sample pin id: 193
zoo sample pin id: 194
zoo sample pin id: 195
zoo sample pin id: 196
zoo sample pin id: 197
zoo sample pin id: 198
zoo sample pin id: 199
zoo sample pin id: 200
zoo sample pin id: 201
zoo sample pin id: 202
zoo sample pin id: 203
zoo sample pin id: 204
zoo sample pin id: 205
zoo sample pin id: 206
getCondDataFrame starts
Data request URL: https://dcha-spx.spring8.or.jp/api1.0.2/zoo_samplepin/
ZOOID: 12
Dataframe:      id                exid  o_index  p_index  isSkip  isDone                        created_at                        updated_at  zoo_id
0   186  ECHA_API_TEST_9999        0        0       0       0  2025-02-11T15:23:24.568843+09:00  2025-02-11T15:23:24.568857+09:00      12
1   187  ECHA_API_TEST_9999        1        1       0       0  2025-02-11T15:23:24.624195+09:00  2025-02-11T15:23:24.624209+09:00      12
2   188  ECHA_API_TEST_9999        2        2       0       0  2025-02-11T15:23:24.678480+09:00  2025-02-11T15:23:24.678494+09:00      12
3   189  ECHA_API_TEST_9999        3        3       0       0  2025-02-11T15:23:24.731591+09:00  2025-02-11T15:23:24.731605+09:00      12
4   190  ECHA_API_TEST_9999        4        4       0       0  2025-02-11T15:23:24.784462+09:00  2025-02-11T15:23:24.784476+09:00      12
5   191  ECHA_API_TEST_9999        5        5       0       0  2025-02-11T15:23:24.838306+09:00  2025-02-11T15:23:24.838320+09:00      12
6   192  ECHA_API_TEST_9999        6        6       0       0  2025-02-11T15:23:24.892213+09:00  2025-02-11T15:23:24.892227+09:00      12
7   193  ECHA_API_TEST_9999        7        7       0       0  2025-02-11T15:23:24.946490+09:00  2025-02-11T15:23:24.946503+09:00      12
8   194  ECHA_API_TEST_9999        8        8       0       0  2025-02-11T15:23:25.002712+09:00  2025-02-11T15:23:25.002726+09:00      12
9   195  ECHA_API_TEST_9999        9        9       0       0  2025-02-11T15:23:25.057038+09:00  2025-02-11T15:23:25.057051+09:00      12
10  196  ECHA_API_TEST_9999       10       10       0       0  2025-02-11T15:23:25.110884+09:00  2025-02-11T15:23:25.110897+09:00      12
11  197  ECHA_API_TEST_9999       11       11       0       0  2025-02-11T15:23:25.165337+09:00  2025-02-11T15:23:25.165351+09:00      12
12  198  ECHA_API_TEST_9999       12       12       0       0  2025-02-11T15:23:25.219382+09:00  2025-02-11T15:23:25.219396+09:00      12
13  199  ECHA_API_TEST_9999       13       13       0       0  2025-02-11T15:23:25.273903+09:00  2025-02-11T15:23:25.273917+09:00      12
14  200  ECHA_API_TEST_9999       14       14       0       0  2025-02-11T15:23:25.328473+09:00  2025-02-11T15:23:25.328487+09:00      12
15  201  ECHA_API_TEST_9999       15       15       0       0  2025-02-11T15:23:25.381572+09:00  2025-02-11T15:23:25.381586+09:00      12
16  202  ECHA_API_TEST_9999       16       16       0       0  2025-02-11T15:23:25.434716+09:00  2025-02-11T15:23:25.434729+09:00      12
17  203  ECHA_API_TEST_9999       17       17       0       0  2025-02-11T15:23:25.488365+09:00  2025-02-11T15:23:25.488378+09:00      12
18  204  ECHA_API_TEST_9999       18       18       0       0  2025-02-11T15:23:25.542810+09:00  2025-02-11T15:23:25.542824+09:00      12
19  205  ECHA_API_TEST_9999       19       19       0       0  2025-02-11T15:23:25.596177+09:00  2025-02-11T15:23:25.596190+09:00      12
20  206  ECHA_API_TEST_9999       20       20       0       0  2025-02-11T15:23:25.649459+09:00  2025-02-11T15:23:25.649472+09:00      12
zoo sample pin id: 186
zoo sample pin id: 187
zoo sample pin id: 188
zoo sample pin id: 189
zoo sample pin id: 190
zoo sample pin id: 191
zoo sample pin id: 192
zoo sample pin id: 193
zoo sample pin id: 194
zoo sample pin id: 195
zoo sample pin id: 196
zoo sample pin id: 197
zoo sample pin id: 198
zoo sample pin id: 199
zoo sample pin id: 200
zoo sample pin id: 201
zoo sample pin id: 202
zoo sample pin id: 203
zoo sample pin id: 204
zoo sample pin id: 205
zoo sample pin id: 206
getCondDataFrame starts
Data request URL: https://dcha-spx.spring8.or.jp/api1.0.2/zoo_samplepin/
ZOOID: 12
Dataframe:      id                exid  o_index  p_index  isSkip  isDone                        created_at                        updated_at  zoo_id
0   186  ECHA_API_TEST_9999        0        0       0       0  2025-02-11T15:23:24.568843+09:00  2025-02-11T15:23:24.568857+09:00      12
1   187  ECHA_API_TEST_9999        1        1       0       0  2025-02-11T15:23:24.624195+09:00  2025-02-11T15:23:24.624209+09:00      12
2   188  ECHA_API_TEST_9999        2        2       0       0  2025-02-11T15:23:24.678480+09:00  2025-02-11T15:23:24.678494+09:00      12
3   189  ECHA_API_TEST_9999        3        3       0       0  2025-02-11T15:23:24.731591+09:00  2025-02-11T15:23:24.731605+09:00      12
4   190  ECHA_API_TEST_9999        4        4       0       0  2025-02-11T15:23:24.784462+09:00  2025-02-11T15:23:24.784476+09:00      12
5   191  ECHA_API_TEST_9999        5        5       0       0  2025-02-11T15:23:24.838306+09:00  2025-02-11T15:23:24.838320+09:00      12
6   192  ECHA_API_TEST_9999        6        6       0       0  2025-02-11T15:23:24.892213+09:00  2025-02-11T15:23:24.892227+09:00      12
7   193  ECHA_API_TEST_9999        7        7       0       0  2025-02-11T15:23:24.946490+09:00  2025-02-11T15:23:24.946503+09:00      12
8   194  ECHA_API_TEST_9999        8        8       0       0  2025-02-11T15:23:25.002712+09:00  2025-02-11T15:23:25.002726+09:00      12
9   195  ECHA_API_TEST_9999        9        9       0       0  2025-02-11T15:23:25.057038+09:00  2025-02-11T15:23:25.057051+09:00      12
10  196  ECHA_API_TEST_9999       10       10       0       0  2025-02-11T15:23:25.110884+09:00  2025-02-11T15:23:25.110897+09:00      12
11  197  ECHA_API_TEST_9999       11       11       0       0  2025-02-11T15:23:25.165337+09:00  2025-02-11T15:23:25.165351+09:00      12
12  198  ECHA_API_TEST_9999       12       12       0       0  2025-02-11T15:23:25.219382+09:00  2025-02-11T15:23:25.219396+09:00      12
13  199  ECHA_API_TEST_9999       13       13       0       0  2025-02-11T15:23:25.273903+09:00  2025-02-11T15:23:25.273917+09:00      12
14  200  ECHA_API_TEST_9999       14       14       0       0  2025-02-11T15:23:25.328473+09:00  2025-02-11T15:23:25.328487+09:00      12
15  201  ECHA_API_TEST_9999       15       15       0       0  2025-02-11T15:23:25.381572+09:00  2025-02-11T15:23:25.381586+09:00      12
16  202  ECHA_API_TEST_9999       16       16       0       0  2025-02-11T15:23:25.434716+09:00  2025-02-11T15:23:25.434729+09:00      12
17  203  ECHA_API_TEST_9999       17       17       0       0  2025-02-11T15:23:25.488365+09:00  2025-02-11T15:23:25.488378+09:00      12
18  204  ECHA_API_TEST_9999       18       18       0       0  2025-02-11T15:23:25.542810+09:00  2025-02-11T15:23:25.542824+09:00      12
19  205  ECHA_API_TEST_9999       19       19       0       0  2025-02-11T15:23:25.596177+09:00  2025-02-11T15:23:25.596190+09:00      12
20  206  ECHA_API_TEST_9999       20       20       0       0  2025-02-11T15:23:25.649459+09:00  2025-02-11T15:23:25.649472+09:00      12
zoo sample pin id: 186
zoo sample pin id: 187
zoo sample pin id: 188
zoo sample pin id: 189
zoo sample pin id: 190
zoo sample pin id: 191
zoo sample pin id: 192
zoo sample pin id: 193
zoo sample pin id: 194
zoo sample pin id: 195
zoo sample pin id: 196
zoo sample pin id: 197
zoo sample pin id: 198
zoo sample pin id: 199
zoo sample pin id: 200
zoo sample pin id: 201
zoo sample pin id: 202
zoo sample pin id: 203
zoo sample pin id: 204
zoo sample pin id: 205
zoo sample pin id: 206
getCondDataFrame starts
Data request URL: https://dcha-spx.spring8.or.jp/api1.0.2/zoo_samplepin/
ZOOID: 12
Dataframe:      id                exid  o_index  p_index  isSkip  isDone                        created_at                        updated_at  zoo_id
0   186  ECHA_API_TEST_9999        0        0       0       0  2025-02-11T15:23:24.568843+09:00  2025-02-11T15:23:24.568857+09:00      12
1   187  ECHA_API_TEST_9999        1        1       0       0  2025-02-11T15:23:24.624195+09:00  2025-02-11T15:23:24.624209+09:00      12
2   188  ECHA_API_TEST_9999        2        2       0       0  2025-02-11T15:23:24.678480+09:00  2025-02-11T15:23:24.678494+09:00      12
3   189  ECHA_API_TEST_9999        3        3       0       0  2025-02-11T15:23:24.731591+09:00  2025-02-11T15:23:24.731605+09:00      12
4   190  ECHA_API_TEST_9999        4        4       0       0  2025-02-11T15:23:24.784462+09:00  2025-02-11T15:23:24.784476+09:00      12
5   191  ECHA_API_TEST_9999        5        5       0       0  2025-02-11T15:23:24.838306+09:00  2025-02-11T15:23:24.838320+09:00      12
6   192  ECHA_API_TEST_9999        6        6       0       0  2025-02-11T15:23:24.892213+09:00  2025-02-11T15:23:24.892227+09:00      12
7   193  ECHA_API_TEST_9999        7        7       0       0  2025-02-11T15:23:24.946490+09:00  2025-02-11T15:23:24.946503+09:00      12
8   194  ECHA_API_TEST_9999        8        8       0       0  2025-02-11T15:23:25.002712+09:00  2025-02-11T15:23:25.002726+09:00      12
9   195  ECHA_API_TEST_9999        9        9       0       0  2025-02-11T15:23:25.057038+09:00  2025-02-11T15:23:25.057051+09:00      12
10  196  ECHA_API_TEST_9999       10       10       0       0  2025-02-11T15:23:25.110884+09:00  2025-02-11T15:23:25.110897+09:00      12
11  197  ECHA_API_TEST_9999       11       11       0       0  2025-02-11T15:23:25.165337+09:00  2025-02-11T15:23:25.165351+09:00      12
12  198  ECHA_API_TEST_9999       12       12       0       0  2025-02-11T15:23:25.219382+09:00  2025-02-11T15:23:25.219396+09:00      12
13  199  ECHA_API_TEST_9999       13       13       0       0  2025-02-11T15:23:25.273903+09:00  2025-02-11T15:23:25.273917+09:00      12
14  200  ECHA_API_TEST_9999       14       14       0       0  2025-02-11T15:23:25.328473+09:00  2025-02-11T15:23:25.328487+09:00      12
15  201  ECHA_API_TEST_9999       15       15       0       0  2025-02-11T15:23:25.381572+09:00  2025-02-11T15:23:25.381586+09:00      12
16  202  ECHA_API_TEST_9999       16       16       0       0  2025-02-11T15:23:25.434716+09:00  2025-02-11T15:23:25.434729+09:00      12
17  203  ECHA_API_TEST_9999       17       17       0       0  2025-02-11T15:23:25.488365+09:00  2025-02-11T15:23:25.488378+09:00      12
18  204  ECHA_API_TEST_9999       18       18       0       0  2025-02-11T15:23:25.542810+09:00  2025-02-11T15:23:25.542824+09:00      12
19  205  ECHA_API_TEST_9999       19       19       0       0  2025-02-11T15:23:25.596177+09:00  2025-02-11T15:23:25.596190+09:00      12
20  206  ECHA_API_TEST_9999       20       20       0       0  2025-02-11T15:23:25.649459+09:00  2025-02-11T15:23:25.649472+09:00      12
zoo sample pin id: 186
zoo sample pin id: 187
zoo sample pin id: 188
zoo sample pin id: 189
zoo sample pin id: 190
zoo sample pin id: 191
zoo sample pin id: 192
zoo sample pin id: 193
zoo sample pin id: 194
zoo sample pin id: 195
zoo sample pin id: 196
zoo sample pin id: 197
zoo sample pin id: 198
zoo sample pin id: 199
zoo sample pin id: 200
zoo sample pin id: 201
zoo sample pin id: 202
zoo sample pin id: 203
zoo sample pin id: 204
zoo sample pin id: 205
zoo sample pin id: 206
getCondDataFrame starts
Data request URL: https://dcha-spx.spring8.or.jp/api1.0.2/zoo_samplepin/
ZOOID: 12
Dataframe:      id                exid  o_index  p_index  isSkip  isDone                        created_at                        updated_at  zoo_id
0   186  ECHA_API_TEST_9999        0        0       0       0  2025-02-11T15:23:24.568843+09:00  2025-02-11T15:23:24.568857+09:00      12
1   187  ECHA_API_TEST_9999        1        1       0       0  2025-02-11T15:23:24.624195+09:00  2025-02-11T15:23:24.624209+09:00      12
2   188  ECHA_API_TEST_9999        2        2       0       0  2025-02-11T15:23:24.678480+09:00  2025-02-11T15:23:24.678494+09:00      12
3   189  ECHA_API_TEST_9999        3        3       0       0  2025-02-11T15:23:24.731591+09:00  2025-02-11T15:23:24.731605+09:00      12
4   190  ECHA_API_TEST_9999        4        4       0       0  2025-02-11T15:23:24.784462+09:00  2025-02-11T15:23:24.784476+09:00      12
5   191  ECHA_API_TEST_9999        5        5       0       0  2025-02-11T15:23:24.838306+09:00  2025-02-11T15:23:24.838320+09:00      12
6   192  ECHA_API_TEST_9999        6        6       0       0  2025-02-11T15:23:24.892213+09:00  2025-02-11T15:23:24.892227+09:00      12
7   193  ECHA_API_TEST_9999        7        7       0       0  2025-02-11T15:23:24.946490+09:00  2025-02-11T15:23:24.946503+09:00      12
8   194  ECHA_API_TEST_9999        8        8       0       0  2025-02-11T15:23:25.002712+09:00  2025-02-11T15:23:25.002726+09:00      12
9   195  ECHA_API_TEST_9999        9        9       0       0  2025-02-11T15:23:25.057038+09:00  2025-02-11T15:23:25.057051+09:00      12
10  196  ECHA_API_TEST_9999       10       10       0       0  2025-02-11T15:23:25.110884+09:00  2025-02-11T15:23:25.110897+09:00      12
11  197  ECHA_API_TEST_9999       11       11       0       0  2025-02-11T15:23:25.165337+09:00  2025-02-11T15:23:25.165351+09:00      12
12  198  ECHA_API_TEST_9999       12       12       0       0  2025-02-11T15:23:25.219382+09:00  2025-02-11T15:23:25.219396+09:00      12
13  199  ECHA_API_TEST_9999       13       13       0       0  2025-02-11T15:23:25.273903+09:00  2025-02-11T15:23:25.273917+09:00      12
14  200  ECHA_API_TEST_9999       14       14       0       0  2025-02-11T15:23:25.328473+09:00  2025-02-11T15:23:25.328487+09:00      12
15  201  ECHA_API_TEST_9999       15       15       0       0  2025-02-11T15:23:25.381572+09:00  2025-02-11T15:23:25.381586+09:00      12
16  202  ECHA_API_TEST_9999       16       16       0       0  2025-02-11T15:23:25.434716+09:00  2025-02-11T15:23:25.434729+09:00      12
17  203  ECHA_API_TEST_9999       17       17       0       0  2025-02-11T15:23:25.488365+09:00  2025-02-11T15:23:25.488378+09:00      12
18  204  ECHA_API_TEST_9999       18       18       0       0  2025-02-11T15:23:25.542810+09:00  2025-02-11T15:23:25.542824+09:00      12
19  205  ECHA_API_TEST_9999       19       19       0       0  2025-02-11T15:23:25.596177+09:00  2025-02-11T15:23:25.596190+09:00      12
20  206  ECHA_API_TEST_9999       20       20       0       0  2025-02-11T15:23:25.649459+09:00  2025-02-11T15:23:25.649472+09:00      12
zoo sample pin id: 186
zoo sample pin id: 187
zoo sample pin id: 188
zoo sample pin id: 189
zoo sample pin id: 190
zoo sample pin id: 191
zoo sample pin id: 192
zoo sample pin id: 193
zoo sample pin id: 194
zoo sample pin id: 195
zoo sample pin id: 196
zoo sample pin id: 197
zoo sample pin id: 198
zoo sample pin id: 199
zoo sample pin id: 200
zoo sample pin id: 201
zoo sample pin id: 202
zoo sample pin id: 203
zoo sample pin id: 204
zoo sample pin id: 205
zoo sample pin id: 206
getCondDataFrame starts
Data request URL: https://dcha-spx.spring8.or.jp/api1.0.2/zoo_samplepin/
ZOOID: 12
Dataframe:      id                exid  o_index  p_index  isSkip  isDone                        created_at                        updated_at  zoo_id
0   186  ECHA_API_TEST_9999        0        0       0       0  2025-02-11T15:23:24.568843+09:00  2025-02-11T15:23:24.568857+09:00      12
1   187  ECHA_API_TEST_9999        1        1       0       0  2025-02-11T15:23:24.624195+09:00  2025-02-11T15:23:24.624209+09:00      12
2   188  ECHA_API_TEST_9999        2        2       0       0  2025-02-11T15:23:24.678480+09:00  2025-02-11T15:23:24.678494+09:00      12
3   189  ECHA_API_TEST_9999        3        3       0       0  2025-02-11T15:23:24.731591+09:00  2025-02-11T15:23:24.731605+09:00      12
4   190  ECHA_API_TEST_9999        4        4       0       0  2025-02-11T15:23:24.784462+09:00  2025-02-11T15:23:24.784476+09:00      12
5   191  ECHA_API_TEST_9999        5        5       0       0  2025-02-11T15:23:24.838306+09:00  2025-02-11T15:23:24.838320+09:00      12
6   192  ECHA_API_TEST_9999        6        6       0       0  2025-02-11T15:23:24.892213+09:00  2025-02-11T15:23:24.892227+09:00      12
7   193  ECHA_API_TEST_9999        7        7       0       0  2025-02-11T15:23:24.946490+09:00  2025-02-11T15:23:24.946503+09:00      12
8   194  ECHA_API_TEST_9999        8        8       0       0  2025-02-11T15:23:25.002712+09:00  2025-02-11T15:23:25.002726+09:00      12
9   195  ECHA_API_TEST_9999        9        9       0       0  2025-02-11T15:23:25.057038+09:00  2025-02-11T15:23:25.057051+09:00      12
10  196  ECHA_API_TEST_9999       10       10       0       0  2025-02-11T15:23:25.110884+09:00  2025-02-11T15:23:25.110897+09:00      12
11  197  ECHA_API_TEST_9999       11       11       0       0  2025-02-11T15:23:25.165337+09:00  2025-02-11T15:23:25.165351+09:00      12
12  198  ECHA_API_TEST_9999       12       12       0       0  2025-02-11T15:23:25.219382+09:00  2025-02-11T15:23:25.219396+09:00      12
13  199  ECHA_API_TEST_9999       13       13       0       0  2025-02-11T15:23:25.273903+09:00  2025-02-11T15:23:25.273917+09:00      12
14  200  ECHA_API_TEST_9999       14       14       0       0  2025-02-11T15:23:25.328473+09:00  2025-02-11T15:23:25.328487+09:00      12
15  201  ECHA_API_TEST_9999       15       15       0       0  2025-02-11T15:23:25.381572+09:00  2025-02-11T15:23:25.381586+09:00      12
16  202  ECHA_API_TEST_9999       16       16       0       0  2025-02-11T15:23:25.434716+09:00  2025-02-11T15:23:25.434729+09:00      12
17  203  ECHA_API_TEST_9999       17       17       0       0  2025-02-11T15:23:25.488365+09:00  2025-02-11T15:23:25.488378+09:00      12
18  204  ECHA_API_TEST_9999       18       18       0       0  2025-02-11T15:23:25.542810+09:00  2025-02-11T15:23:25.542824+09:00      12
19  205  ECHA_API_TEST_9999       19       19       0       0  2025-02-11T15:23:25.596177+09:00  2025-02-11T15:23:25.596190+09:00      12
20  206  ECHA_API_TEST_9999       20       20       0       0  2025-02-11T15:23:25.649459+09:00  2025-02-11T15:23:25.649472+09:00      12
zoo sample pin id: 186
zoo sample pin id: 187
zoo sample pin id: 188
zoo sample pin id: 189
zoo sample pin id: 190
zoo sample pin id: 191
zoo sample pin id: 192
zoo sample pin id: 193
zoo sample pin id: 194
zoo sample pin id: 195
zoo sample pin id: 196
zoo sample pin id: 197
zoo sample pin id: 198
zoo sample pin id: 199
zoo sample pin id: 200
zoo sample pin id: 201
zoo sample pin id: 202
zoo sample pin id: 203
zoo sample pin id: 204
zoo sample pin id: 205
zoo sample pin id: 206
getCondDataFrame starts
Data request URL: https://dcha-spx.spring8.or.jp/api1.0.2/zoo_samplepin/
ZOOID: 12
Dataframe:      id                exid  o_index  p_index  isSkip  isDone                        created_at                        updated_at  zoo_id
0   186  ECHA_API_TEST_9999        0        0       0       0  2025-02-11T15:23:24.568843+09:00  2025-02-11T15:23:24.568857+09:00      12
1   187  ECHA_API_TEST_9999        1        1       0       0  2025-02-11T15:23:24.624195+09:00  2025-02-11T15:23:24.624209+09:00      12
2   188  ECHA_API_TEST_9999        2        2       0       0  2025-02-11T15:23:24.678480+09:00  2025-02-11T15:23:24.678494+09:00      12
3   189  ECHA_API_TEST_9999        3        3       0       0  2025-02-11T15:23:24.731591+09:00  2025-02-11T15:23:24.731605+09:00      12
4   190  ECHA_API_TEST_9999        4        4       0       0  2025-02-11T15:23:24.784462+09:00  2025-02-11T15:23:24.784476+09:00      12
5   191  ECHA_API_TEST_9999        5        5       0       0  2025-02-11T15:23:24.838306+09:00  2025-02-11T15:23:24.838320+09:00      12
6   192  ECHA_API_TEST_9999        6        6       0       0  2025-02-11T15:23:24.892213+09:00  2025-02-11T15:23:24.892227+09:00      12
7   193  ECHA_API_TEST_9999        7        7       0       0  2025-02-11T15:23:24.946490+09:00  2025-02-11T15:23:24.946503+09:00      12
8   194  ECHA_API_TEST_9999        8        8       0       0  2025-02-11T15:23:25.002712+09:00  2025-02-11T15:23:25.002726+09:00      12
9   195  ECHA_API_TEST_9999        9        9       0       0  2025-02-11T15:23:25.057038+09:00  2025-02-11T15:23:25.057051+09:00      12
10  196  ECHA_API_TEST_9999       10       10       0       0  2025-02-11T15:23:25.110884+09:00  2025-02-11T15:23:25.110897+09:00      12
11  197  ECHA_API_TEST_9999       11       11       0       0  2025-02-11T15:23:25.165337+09:00  2025-02-11T15:23:25.165351+09:00      12
12  198  ECHA_API_TEST_9999       12       12       0       0  2025-02-11T15:23:25.219382+09:00  2025-02-11T15:23:25.219396+09:00      12
13  199  ECHA_API_TEST_9999       13       13       0       0  2025-02-11T15:23:25.273903+09:00  2025-02-11T15:23:25.273917+09:00      12
14  200  ECHA_API_TEST_9999       14       14       0       0  2025-02-11T15:23:25.328473+09:00  2025-02-11T15:23:25.328487+09:00      12
15  201  ECHA_API_TEST_9999       15       15       0       0  2025-02-11T15:23:25.381572+09:00  2025-02-11T15:23:25.381586+09:00      12
16  202  ECHA_API_TEST_9999       16       16       0       0  2025-02-11T15:23:25.434716+09:00  2025-02-11T15:23:25.434729+09:00      12
17  203  ECHA_API_TEST_9999       17       17       0       0  2025-02-11T15:23:25.488365+09:00  2025-02-11T15:23:25.488378+09:00      12
18  204  ECHA_API_TEST_9999       18       18       0       0  2025-02-11T15:23:25.542810+09:00  2025-02-11T15:23:25.542824+09:00      12
19  205  ECHA_API_TEST_9999       19       19       0       0  2025-02-11T15:23:25.596177+09:00  2025-02-11T15:23:25.596190+09:00      12
20  206  ECHA_API_TEST_9999       20       20       0       0  2025-02-11T15:23:25.649459+09:00  2025-02-11T15:23:25.649472+09:00      12
zoo sample pin id: 186
zoo sample pin id: 187
zoo sample pin id: 188
zoo sample pin id: 189
zoo sample pin id: 190
zoo sample pin id: 191
zoo sample pin id: 192
zoo sample pin id: 193
zoo sample pin id: 194
zoo sample pin id: 195
zoo sample pin id: 196
zoo sample pin id: 197
zoo sample pin id: 198
zoo sample pin id: 199
zoo sample pin id: 200
zoo sample pin id: 201
zoo sample pin id: 202
zoo sample pin id: 203
zoo sample pin id: 204
zoo sample pin id: 205
zoo sample pin id: 206
getCondDataFrame starts
Data request URL: https://dcha-spx.spring8.or.jp/api1.0.2/zoo_samplepin/
ZOOID: 12
Dataframe:      id                exid  o_index  p_index  isSkip  isDone                        created_at                        updated_at  zoo_id
0   186  ECHA_API_TEST_9999        0        0       0       0  2025-02-11T15:23:24.568843+09:00  2025-02-11T15:23:24.568857+09:00      12
1   187  ECHA_API_TEST_9999        1        1       0       0  2025-02-11T15:23:24.624195+09:00  2025-02-11T15:23:24.624209+09:00      12
2   188  ECHA_API_TEST_9999        2        2       0       0  2025-02-11T15:23:24.678480+09:00  2025-02-11T15:23:24.678494+09:00      12
3   189  ECHA_API_TEST_9999        3        3       0       0  2025-02-11T15:23:24.731591+09:00  2025-02-11T15:23:24.731605+09:00      12
4   190  ECHA_API_TEST_9999        4        4       0       0  2025-02-11T15:23:24.784462+09:00  2025-02-11T15:23:24.784476+09:00      12
5   191  ECHA_API_TEST_9999        5        5       0       0  2025-02-11T15:23:24.838306+09:00  2025-02-11T15:23:24.838320+09:00      12
6   192  ECHA_API_TEST_9999        6        6       0       0  2025-02-11T15:23:24.892213+09:00  2025-02-11T15:23:24.892227+09:00      12
7   193  ECHA_API_TEST_9999        7        7       0       0  2025-02-11T15:23:24.946490+09:00  2025-02-11T15:23:24.946503+09:00      12
8   194  ECHA_API_TEST_9999        8        8       0       0  2025-02-11T15:23:25.002712+09:00  2025-02-11T15:23:25.002726+09:00      12
9   195  ECHA_API_TEST_9999        9        9       0       0  2025-02-11T15:23:25.057038+09:00  2025-02-11T15:23:25.057051+09:00      12
10  196  ECHA_API_TEST_9999       10       10       0       0  2025-02-11T15:23:25.110884+09:00  2025-02-11T15:23:25.110897+09:00      12
11  197  ECHA_API_TEST_9999       11       11       0       0  2025-02-11T15:23:25.165337+09:00  2025-02-11T15:23:25.165351+09:00      12
12  198  ECHA_API_TEST_9999       12       12       0       0  2025-02-11T15:23:25.219382+09:00  2025-02-11T15:23:25.219396+09:00      12
13  199  ECHA_API_TEST_9999       13       13       0       0  2025-02-11T15:23:25.273903+09:00  2025-02-11T15:23:25.273917+09:00      12
14  200  ECHA_API_TEST_9999       14       14       0       0  2025-02-11T15:23:25.328473+09:00  2025-02-11T15:23:25.328487+09:00      12
15  201  ECHA_API_TEST_9999       15       15       0       0  2025-02-11T15:23:25.381572+09:00  2025-02-11T15:23:25.381586+09:00      12
16  202  ECHA_API_TEST_9999       16       16       0       0  2025-02-11T15:23:25.434716+09:00  2025-02-11T15:23:25.434729+09:00      12
17  203  ECHA_API_TEST_9999       17       17       0       0  2025-02-11T15:23:25.488365+09:00  2025-02-11T15:23:25.488378+09:00      12
18  204  ECHA_API_TEST_9999       18       18       0       0  2025-02-11T15:23:25.542810+09:00  2025-02-11T15:23:25.542824+09:00      12
19  205  ECHA_API_TEST_9999       19       19       0       0  2025-02-11T15:23:25.596177+09:00  2025-02-11T15:23:25.596190+09:00      12
20  206  ECHA_API_TEST_9999       20       20       0       0  2025-02-11T15:23:25.649459+09:00  2025-02-11T15:23:25.649472+09:00      12
zoo sample pin id: 186
zoo sample pin id: 187
zoo sample pin id: 188
zoo sample pin id: 189
zoo sample pin id: 190
zoo sample pin id: 191
zoo sample pin id: 192
zoo sample pin id: 193
zoo sample pin id: 194
zoo sample pin id: 195
zoo sample pin id: 196
zoo sample pin id: 197
zoo sample pin id: 198
zoo sample pin id: 199
zoo sample pin id: 200
zoo sample pin id: 201
zoo sample pin id: 202
zoo sample pin id: 203
zoo sample pin id: 204
zoo sample pin id: 205
zoo sample pin id: 206
